#-----------------------------------------------------------
# Vivado v2024.2 (64-bit)
# SW Build 5239630 on Fri Nov 08 22:35:27 MST 2024
# IP Build 5239520 on Sun Nov 10 16:12:51 MST 2024
# SharedData Build 5239561 on Fri Nov 08 14:39:27 MST 2024
# Start of session at: Tue Nov 18 14:24:45 2025
# Process ID         : 18420
# Current directory  : C:/Users/ralph/Vivado projects/Digital systems/Term_Project/build/layer_tb/fc_tb
# Command line       : vivado.exe -gui_launcher_event rodinguilauncherevent40228 C:\Users\ralph\Vivado projects\Digital systems\Term_Project\build\layer_tb\fc_tb\fc_tb.xpr
# Log file           : C:/Users/ralph/Vivado projects/Digital systems/Term_Project/build/layer_tb/fc_tb/vivado.log
# Journal file       : C:/Users/ralph/Vivado projects/Digital systems/Term_Project/build/layer_tb/fc_tb\vivado.jou
# Running On         : BOOK-PDMLPL2P14
# Platform           : Windows Server 2016 or Windows 10
# Operating System   : 26100
# Processor Detail   : Intel(R) Core(TM) Ultra 7 256V
# CPU Frequency      : 3302 MHz
# CPU Physical cores : 8
# CPU Logical cores  : 8
# Host memory        : 16687 MB
# Swap memory        : 11811 MB
# Total Virtual      : 28498 MB
# Available Virtual  : 9567 MB
#-----------------------------------------------------------
start_gui
open_project {C:/Users/ralph/Vivado projects/Digital systems/Term_Project/build/layer_tb/fc_tb/fc_tb.xpr}
Scanning sources...
Finished scanning sources
INFO: [IP_Flow 19-234] Refreshing IP repositories
INFO: [IP_Flow 19-1704] No user IP repositories specified
INFO: [IP_Flow 19-2313] Loaded Vivado IP repository 'C:/Xilinx/Vivado/2024.2/data/ip'.
WARNING: [IP_Flow 19-2162] IP 'axi_interconnect_0' is locked:
* IP definition 'AXI Interconnect RTL (1.7)' for IP 'axi_interconnect_0' (customized with software release 2023.1) has a different revision in the IP Catalog.
WARNING: [IP_Flow 19-2162] IP 'axi_vdma_0' is locked:
* IP definition 'AXI Video Direct Memory Access (6.3)' for IP 'axi_vdma_0' (customized with software release 2023.1) has a different revision in the IP Catalog.
WARNING: [IP_Flow 19-2162] IP 'sram_32x131072' is locked:
* IP definition 'Block Memory Generator (8.4)' for IP 'sram_32x131072' (customized with software release 2023.1) has a different revision in the IP Catalog.
open_project: Time (s): cpu = 00:00:26 ; elapsed = 00:00:24 . Memory (MB): peak = 1271.777 ; gain = 205.617
update_compile_order -fileset sources_1
exit
INFO: [Common 17-206] Exiting Vivado at Tue Nov 18 14:50:20 2025...
en_project: Time (s): cpu = 00:00:11 ; elapsed = 00:00:07 . Memory (MB): peak = 1232.164 ; gain = 131.672
update_compile_order -fileset sources_1
report_ip_status -name ip_status 
exit
INFO: [Common 17-206] Exiting Vivado at Tue Nov 18 14:27:12 2025...
