#-----------------------------------------------------------
# Vivado v2024.2 (64-bit)
# SW Build 5239630 on Fri Nov 08 22:35:27 MST 2024
# IP Build 5239520 on Sun Nov 10 16:12:51 MST 2024
# SharedData Build 5239561 on Fri Nov 08 14:39:27 MST 2024
# Start of session at: Sat Nov 22 15:58:58 2025
# Process ID         : 24616
# Current directory  : C:/Users/ralph/Vivado projects/Digital systems/Term_Project/build/layer_tb/conv_tb
# Command line       : vivado.exe -gui_launcher_event rodinguilauncherevent42696 C:\Users\ralph\Vivado projects\Digital systems\Term_Project\build\layer_tb\conv_tb\conv_tb.xpr
# Log file           : C:/Users/ralph/Vivado projects/Digital systems/Term_Project/build/layer_tb/conv_tb/vivado.log
# Journal file       : C:/Users/ralph/Vivado projects/Digital systems/Term_Project/build/layer_tb/conv_tb\vivado.jou
# Running On         : BOOK-PDMLPL2P14
# Platform           : Windows Server 2016 or Windows 10
# Operating System   : 26100
# Processor Detail   : Intel(R) Core(TM) Ultra 7 256V
# CPU Frequency      : 3302 MHz
# CPU Physical cores : 8
# CPU Logical cores  : 8
# Host memory        : 16687 MB
# Swap memory        : 11811 MB
# Total Virtual      : 28498 MB
# Available Virtual  : 8970 MB
#-----------------------------------------------------------
start_gui
open_project {C:/Users/ralph/Vivado projects/Digital systems/Term_Project/build/layer_tb/conv_tb/conv_tb.xpr}
INFO: [ProjectBase 1-489] The host OS only allows 260 characters in a normal path. The project is stored in a path with more than 80 characters. If you experience issues with IP, Block Designs, or files not being found, please consider moving the project to a location with a shorter path. Alternately consider using the OS subst command to map part of the path to a drive letter.
Current project path is 'C:/Users/ralph/Vivado projects/Digital systems/Term_Project/build/layer_tb/conv_tb'
Scanning sources...
Finished scanning sources
INFO: [IP_Flow 19-234] Refreshing IP repositories
INFO: [IP_Flow 19-1704] No user IP repositories specified
INFO: [IP_Flow 19-2313] Loaded Vivado IP repository 'C:/Xilinx/Vivado/2024.2/data/ip'.
