Vivado Simulator v2024.2.0
Copyright 1986-2022 Xilinx, Inc. All Rights Reserved.
Copyright 2022-2024 Advanced Micro Devices, Inc. All Rights Reserved.
Running: C:/Xilinx/Vivado/2024.2/bin/unwrapped/win64.o/xelab.exe --incr --debug typical --relax --mt 2 -L xil_defaultlib -L lib_cdc_v1_0_3 -L lib_pkg_v1_0_4 -L fifo_generator_v13_2_11 -L lib_fifo_v1_0_20 -L blk_mem_gen_v8_4_9 -L lib_bmg_v1_0_18 -L lib_srl_fifo_v1_0_4 -L axi_datamover_v5_1_35 -L axi_vdma_v6_3_21 -L axi_interconnect_v1_7_24 -L unisims_ver -L unimacro_ver -L secureip -L xpm --snapshot tb_behav xil_defaultlib.tb xil_defaultlib.glbl -log elaborate.log 
Using 2 slave threads.
Starting static elaboration
Pass Through NonSizing Optimizer
WARNING: [VRFC 10-3091] actual bit length 32 differs from formal bit length 64 for port 'S01_AXI_WDATA' [C:/Users/ralph/Vivado projects/Digital systems/Term_Project/src/tb/conv/top_simulation.v:251]
WARNING: [VRFC 10-3091] actual bit length 4 differs from formal bit length 8 for port 'S01_AXI_WSTRB' [C:/Users/ralph/Vivado projects/Digital systems/Term_Project/src/tb/conv/top_simulation.v:252]
WARNING: [VRFC 10-3091] actual bit length 32 differs from formal bit length 64 for port 'S01_AXI_RDATA' [C:/Users/ralph/Vivado projects/Digital systems/Term_Project/src/tb/conv/top_simulation.v:272]
WARNING: [VRFC 10-3091] actual bit length 32 differs from formal bit length 28 for port 'input_address' [C:/Users/ralph/Vivado projects/Digital systems/Term_Project/src/tb/conv/top_simulation.v:473]
WARNING: [VRFC 10-5021] port 'mm2s_frame_ptr_out' is not connected on this instance [C:/Users/ralph/Vivado projects/Digital systems/Term_Project/src/tb/conv/top_simulation.v:393]
Completed static elaboration
Starting simulation data flow analysis
Completed simulation data flow analysis
Time Resolution for simulation is 1ps
Compiling package std.standard
Compiling package std.textio
Compiling package ieee.std_logic_1164
Compiling package ieee.numeric_std
Compiling package synopsys.attributes
Compiling package ieee.std_logic_misc
Compiling package unisim.vcomponents
Compiling package ieee.std_logic_arith
Compiling package ieee.std_logic_unsigned
Compiling package lib_pkg_v1_0_4.lib_pkg
Compiling package axi_vdma_v6_3_21.axi_vdma_pkg
Compiling package ieee.vital_timing
Compiling package ieee.vital_primitives
Compiling package unisim.vpkg
Compiling package fifo_generator_v13_2_11.fifo_generator_v13_2_11_pkg
Compiling package xpm.vcomponents
Compiling module axi_interconnect_v1_7_24.axi_interconnect_v1_7_24_axic_re...
Compiling module axi_interconnect_v1_7_24.axi_interconnect_v1_7_24_axic_re...
Compiling module axi_interconnect_v1_7_24.axi_interconnect_v1_7_24_axic_re...
Compiling module axi_interconnect_v1_7_24.axi_interconnect_v1_7_24_axic_re...
Compiling module axi_interconnect_v1_7_24.axi_interconnect_v1_7_24_axi_reg...
Compiling module axi_interconnect_v1_7_24.axi_interconnect_v1_7_24_registe...
Compiling module axi_interconnect_v1_7_24.axi_interconnect_v1_7_24_axic_re...
Compiling module axi_interconnect_v1_7_24.axi_interconnect_v1_7_24_axic_re...
Compiling module axi_interconnect_v1_7_24.axi_interconnect_v1_7_24_axic_re...
Compiling module axi_interconnect_v1_7_24.axi_interconnect_v1_7_24_axic_re...
Compiling module axi_interconnect_v1_7_24.axi_interconnect_v1_7_24_axi_reg...
Compiling module axi_interconnect_v1_7_24.axi_interconnect_v1_7_24_registe...
Compiling module axi_interconnect_v1_7_24.axi_interconnect_v1_7_24_protoco...
Compiling module axi_interconnect_v1_7_24.axi_interconnect_v1_7_24_axi_clo...
Compiling module fifo_generator_v13_2_11.fifo_generator_v13_2_11_bhv_ver_...
Compiling module fifo_generator_v13_2_11.fifo_generator_v13_2_11_bhv_ver_...
Compiling module fifo_generator_v13_2_11.fifo_generator_v13_2_11_CONV_VER...
Compiling module fifo_generator_v13_2_11.fifo_generator_vlog_beh(C_COMMON...
Compiling module axi_interconnect_v1_7_24.axi_interconnect_v1_7_24_fifo_ge...
Compiling module axi_interconnect_v1_7_24.axi_interconnect_v1_7_24_axic_fi...
Compiling module fifo_generator_v13_2_11.fifo_generator_v13_2_11_bhv_ver_...
Compiling module fifo_generator_v13_2_11.fifo_generator_v13_2_11_bhv_ver_...
Compiling module fifo_generator_v13_2_11.fifo_generator_v13_2_11_CONV_VER...
Compiling module fifo_generator_v13_2_11.fifo_generator_vlog_beh(C_COMMON...
Compiling module axi_interconnect_v1_7_24.axi_interconnect_v1_7_24_fifo_ge...
Compiling module axi_interconnect_v1_7_24.axi_interconnect_v1_7_24_axic_fi...
Compiling module axi_interconnect_v1_7_24.axi_interconnect_v1_7_24_a_downs...
Compiling module axi_interconnect_v1_7_24.axi_interconnect_v1_7_24_w_downs...
Compiling module axi_interconnect_v1_7_24.axi_interconnect_v1_7_24_b_downs...
Compiling module axi_interconnect_v1_7_24.axi_interconnect_v1_7_24_a_downs...
Compiling module axi_interconnect_v1_7_24.axi_interconnect_v1_7_24_r_downs...
Compiling module axi_interconnect_v1_7_24.axi_interconnect_v1_7_24_axi_dow...
Compiling module axi_interconnect_v1_7_24.axi_interconnect_v1_7_24_convert...
Compiling module axi_interconnect_v1_7_24.axi_interconnect_v1_7_24_axi_clo...
Compiling module axi_interconnect_v1_7_24.axi_interconnect_v1_7_24_convert...
Compiling module axi_interconnect_v1_7_24.axi_interconnect_v1_7_24_axi_dat...
Compiling module axi_interconnect_v1_7_24.axi_interconnect_v1_7_24_data_fi...
Compiling module axi_interconnect_v1_7_24.axi_interconnect_v1_7_24_axi_dat...
Compiling module axi_interconnect_v1_7_24.axi_interconnect_v1_7_24_data_fi...
Compiling module axi_interconnect_v1_7_24.axi_interconnect_v1_7_24_mux_enc...
Compiling module axi_interconnect_v1_7_24.axi_interconnect_v1_7_24_si_tran...
Compiling module axi_interconnect_v1_7_24.axi_interconnect_v1_7_24_mux_enc...
Compiling module axi_interconnect_v1_7_24.axi_interconnect_v1_7_24_si_tran...
Compiling module axi_interconnect_v1_7_24.axi_interconnect_v1_7_24_splitte...
Compiling module unisims_ver.SRLC32E_default
Compiling module axi_interconnect_v1_7_24.axi_interconnect_v1_7_24_ndeep_s...
Compiling module axi_interconnect_v1_7_24.axi_interconnect_v1_7_24_axic_re...
Compiling module axi_interconnect_v1_7_24.axi_interconnect_v1_7_24_wdata_r...
Compiling module axi_interconnect_v1_7_24.axi_interconnect_v1_7_24_si_tran...
Compiling module axi_interconnect_v1_7_24.axi_interconnect_v1_7_24_si_tran...
Compiling module axi_interconnect_v1_7_24.axi_interconnect_v1_7_24_addr_de...
Compiling module axi_interconnect_v1_7_24.axi_interconnect_v1_7_24_axic_re...
Compiling module axi_interconnect_v1_7_24.axi_interconnect_v1_7_24_mux_enc...
Compiling module axi_interconnect_v1_7_24.axi_interconnect_v1_7_24_wdata_m...
Compiling module axi_interconnect_v1_7_24.axi_interconnect_v1_7_24_axic_re...
Compiling module axi_interconnect_v1_7_24.axi_interconnect_v1_7_24_axic_re...
Compiling module axi_interconnect_v1_7_24.axi_interconnect_v1_7_24_axic_re...
Compiling module axi_interconnect_v1_7_24.axi_interconnect_v1_7_24_axi_reg...
Compiling module axi_interconnect_v1_7_24.axi_interconnect_v1_7_24_axic_re...
Compiling module axi_interconnect_v1_7_24.axi_interconnect_v1_7_24_axi_reg...
Compiling module axi_interconnect_v1_7_24.axi_interconnect_v1_7_24_mux_enc...
Compiling module axi_interconnect_v1_7_24.axi_interconnect_v1_7_24_mux_enc...
Compiling module axi_interconnect_v1_7_24.axi_interconnect_v1_7_24_addr_ar...
Compiling module axi_interconnect_v1_7_24.axi_interconnect_v1_7_24_crossba...
Compiling module axi_interconnect_v1_7_24.axi_interconnect_v1_7_24_axi_cro...
Compiling module axi_interconnect_v1_7_24.axi_interconnect_v1_7_24_axi_int...
Compiling module axi_interconnect_v1_7_24.axi_interconnect_v1_7_24_top(C_F...
Compiling module xil_defaultlib.axi_interconnect_0
Compiling module blk_mem_gen_v8_4_9.beh_vlog_ff_clr_v8_4
Compiling module blk_mem_gen_v8_4_9.beh_vlog_ff_pre_v8_4
Compiling module blk_mem_gen_v8_4_9.STATE_LOGIC_v8_4(INIT=64'b010101...
Compiling module blk_mem_gen_v8_4_9.STATE_LOGIC_v8_4(INIT=64'b101111...
Compiling module blk_mem_gen_v8_4_9.STATE_LOGIC_v8_4(INIT=64'b101010...
Compiling module blk_mem_gen_v8_4_9.STATE_LOGIC_v8_4(INIT=64'b010101...
Compiling module blk_mem_gen_v8_4_9.STATE_LOGIC_v8_4(INIT=64'b010001...
Compiling module blk_mem_gen_v8_4_9.STATE_LOGIC_v8_4(INIT=64'b010001...
Compiling module blk_mem_gen_v8_4_9.STATE_LOGIC_v8_4(INIT=64'b011010...
Compiling module blk_mem_gen_v8_4_9.STATE_LOGIC_v8_4(INIT=64'b111111...
Compiling module blk_mem_gen_v8_4_9.STATE_LOGIC_v8_4(INIT=64'b011000...
Compiling module blk_mem_gen_v8_4_9.STATE_LOGIC_v8_4(INIT=64'b011111...
Compiling module blk_mem_gen_v8_4_9.STATE_LOGIC_v8_4(INIT=64'b0111)
Compiling module blk_mem_gen_v8_4_9.STATE_LOGIC_v8_4(INIT=64'b111110...
Compiling module blk_mem_gen_v8_4_9.STATE_LOGIC_v8_4(INIT=64'b01000)
Compiling module blk_mem_gen_v8_4_9.STATE_LOGIC_v8_4(INIT=64'b100010...
Compiling module blk_mem_gen_v8_4_9.write_netlist_v8_4(C_AXI_TYPE=1)
Compiling module blk_mem_gen_v8_4_9.blk_mem_axi_write_wrapper_beh_v8...
Compiling module blk_mem_gen_v8_4_9.beh_vlog_ff_ce_clr_v8_4
Compiling module blk_mem_gen_v8_4_9.STATE_LOGIC_v8_4(INIT=64'b01011)
Compiling module blk_mem_gen_v8_4_9.STATE_LOGIC_v8_4(INIT=64'b0100)
Compiling module blk_mem_gen_v8_4_9.STATE_LOGIC_v8_4(INIT=64'b111011...
Compiling module blk_mem_gen_v8_4_9.STATE_LOGIC_v8_4(INIT=64'b010001...
Compiling module blk_mem_gen_v8_4_9.STATE_LOGIC_v8_4(INIT=64'b010000...
Compiling module blk_mem_gen_v8_4_9.STATE_LOGIC_v8_4(INIT=64'b011111...
Compiling module blk_mem_gen_v8_4_9.STATE_LOGIC_v8_4(INIT=64'b01)
Compiling module blk_mem_gen_v8_4_9.STATE_LOGIC_v8_4(INIT=64'b010000...
Compiling module blk_mem_gen_v8_4_9.STATE_LOGIC_v8_4(INIT=64'b010001...
Compiling module blk_mem_gen_v8_4_9.STATE_LOGIC_v8_4(INIT=64'b011101...
Compiling module blk_mem_gen_v8_4_9.STATE_LOGIC_v8_4(INIT=64'b111111...
Compiling module blk_mem_gen_v8_4_9.STATE_LOGIC_v8_4(INIT=64'b010101...
Compiling module blk_mem_gen_v8_4_9.STATE_LOGIC_v8_4(INIT=64'b111100...
Compiling module blk_mem_gen_v8_4_9.beh_vlog_muxf7_v8_4
Compiling module blk_mem_gen_v8_4_9.STATE_LOGIC_v8_4(INIT=64'b010101...
Compiling module blk_mem_gen_v8_4_9.STATE_LOGIC_v8_4(INIT=64'b011100...
Compiling module blk_mem_gen_v8_4_9.STATE_LOGIC_v8_4(INIT=64'b011111...
Compiling module blk_mem_gen_v8_4_9.STATE_LOGIC_v8_4(INIT=64'b010001...
Compiling module blk_mem_gen_v8_4_9.STATE_LOGIC_v8_4(INIT=64'b010001...
Compiling module blk_mem_gen_v8_4_9.STATE_LOGIC_v8_4(INIT=64'b011100...
Compiling module blk_mem_gen_v8_4_9.read_netlist_v8_4(C_ADDRB_WIDTH=...
Compiling module blk_mem_gen_v8_4_9.blk_mem_axi_read_wrapper_beh_v8_...
Compiling module blk_mem_gen_v8_4_9.blk_mem_gen_v8_4_9_output_stage(...
Compiling module blk_mem_gen_v8_4_9.blk_mem_gen_v8_4_9_output_stage(...
Compiling module blk_mem_gen_v8_4_9.blk_mem_gen_v8_4_9_softecc_outpu...
Compiling module blk_mem_gen_v8_4_9.blk_mem_gen_v8_4_9_mem_module(C_...
Compiling module blk_mem_gen_v8_4_9.blk_mem_gen_v8_4_9(C_FAMILY="art...
Compiling module xil_defaultlib.sram_32x131072
Compiling module xil_defaultlib.vdma_controller
Compiling architecture implementation of entity axi_vdma_v6_3_21.axi_vdma_sm [\axi_vdma_sm(c_include_sf=1,c_pr...]
Compiling architecture implementation of entity axi_vdma_v6_3_21.axi_vdma_cmdsts_if [\axi_vdma_cmdsts_if(c_include_s2...]
Compiling architecture implementation of entity axi_vdma_v6_3_21.axi_vdma_sts_mngr [axi_vdma_sts_mngr_default]
Compiling architecture implementation of entity axi_vdma_v6_3_21.axi_vdma_vregister [\axi_vdma_vregister(c_num_fstore...]
Compiling architecture implementation of entity axi_vdma_v6_3_21.axi_vdma_vaddrreg_mux [\axi_vdma_vaddrreg_mux(c_num_fst...]
Compiling architecture implementation of entity axi_vdma_v6_3_21.axi_vdma_vidreg_module [\axi_vdma_vidreg_module(c_includ...]
Compiling architecture implementation of entity axi_vdma_v6_3_21.axi_vdma_greycoder [\axi_vdma_greycoder(c_dwidth=5)\]
Compiling architecture implementation of entity axi_vdma_v6_3_21.axi_vdma_genlock_mux [\axi_vdma_genlock_mux(c_internal...]
Compiling architecture implementation of entity axi_vdma_v6_3_21.axi_vdma_greycoder [\axi_vdma_greycoder(c_dwidth=2)\]
Compiling architecture implementation of entity axi_vdma_v6_3_21.axi_vdma_genlock_mngr [\axi_vdma_genlock_mngr(c_genlock...]
Compiling architecture implementation of entity axi_vdma_v6_3_21.axi_vdma_mngr [\axi_vdma_mngr(c_prmry_is_aclk_a...]
Compiling architecture implementation of entity axi_vdma_v6_3_21.axi_vdma_regdirect [\axi_vdma_regdirect(c_num_regist...]
Compiling architecture implementation of entity axi_vdma_v6_3_21.axi_vdma_register [\axi_vdma_register(c_linebuffer_...]
Compiling architecture implementation of entity axi_vdma_v6_3_21.axi_vdma_reg_mux [\axi_vdma_reg_mux(c_total_num_re...]
Compiling architecture implementation of entity axi_vdma_v6_3_21.axi_vdma_reg_module [\axi_vdma_reg_module(c_total_num...]
Compiling architecture implementation of entity axi_vdma_v6_3_21.axi_vdma_fsync_gen [\axi_vdma_fsync_gen(c_include_mm...]
Compiling architecture implementation of entity axi_vdma_v6_3_21.axi_vdma_vid_cdc [\axi_vdma_vid_cdc(c_prmry_is_acl...]
Compiling architecture implementation of entity axi_vdma_v6_3_21.axi_vdma_sof_gen [axi_vdma_sof_gen_default]
Compiling architecture amd of entity fifo_generator_v13_2_11.reset_builtin [\reset_builtin(c_common_clock=0,...]
Compiling architecture ff36_internal_vhdl_v of entity unisim.FF36_INTERNAL_VHDL [\FF36_INTERNAL_VHDL(almost_full_...]
Compiling architecture fifo36e1_v of entity unisim.FIFO36E1 [\FIFO36E1(almost_full_offset="00...]
Compiling architecture amd of entity fifo_generator_v13_2_11.builtin_prim_v6 [\builtin_prim_v6(c_family="7SERI...]
Compiling architecture amd of entity fifo_generator_v13_2_11.builtin_extdepth_v6 [\builtin_extdepth_v6(c_family="7...]
Compiling architecture amd of entity fifo_generator_v13_2_11.builtin_top_v6 [\builtin_top_v6(c_family="7SERIE...]
Compiling architecture amd of entity fifo_generator_v13_2_11.input_blk [\input_blk(c_common_clock=0,c_di...]
Compiling architecture amd of entity fifo_generator_v13_2_11.output_blk [\output_blk(c_dout_width=38,c_pk...]
Compiling architecture amd of entity fifo_generator_v13_2_11.fifo_generator_v13_2_11_builtin [\fifo_generator_v13_2_11_builtin...]
Compiling architecture amd of entity fifo_generator_v13_2_11.fifo_generator_top [\fifo_generator_top(c_en_safety_...]
Compiling architecture amd of entity fifo_generator_v13_2_11.fifo_generator_v13_2_11_synth [\fifo_generator_v13_2_11_synth(c...]
Compiling architecture amd of entity axi_vdma_v6_3_21.axi_vdma_afifo_builtin [\axi_vdma_afifo_builtin(pl_fifo_...]
Compiling architecture implementation of entity axi_vdma_v6_3_21.axi_vdma_skid_buf [axi_vdma_skid_buf_default]
Compiling architecture implementation of entity lib_cdc_v1_0_3.cdc_sync [\cdc_sync(c_reset_state=1,c_flop...]
Compiling architecture implementation of entity axi_vdma_v6_3_21.axi_vdma_mm2s_linebuf [\axi_vdma_mm2s_linebuf(c_include...]
Compiling architecture implementation of entity axi_vdma_v6_3_21.axi_vdma_sm [\axi_vdma_sm(c_include_sf=1,c_pr...]
Compiling architecture implementation of entity axi_vdma_v6_3_21.axi_vdma_cmdsts_if [\axi_vdma_cmdsts_if(c_dm_status_...]
Compiling architecture implementation of entity axi_vdma_v6_3_21.axi_vdma_genlock_mngr [\axi_vdma_genlock_mngr(c_genlock...]
Compiling architecture implementation of entity axi_vdma_v6_3_21.axi_vdma_mngr [\axi_vdma_mngr(c_prmry_is_aclk_a...]
Compiling architecture implementation of entity axi_vdma_v6_3_21.axi_vdma_regdirect [\axi_vdma_regdirect(c_num_regist...]
Compiling architecture implementation of entity axi_vdma_v6_3_21.axi_vdma_register [\axi_vdma_register(c_channel_is_...]
Compiling architecture implementation of entity axi_vdma_v6_3_21.axi_vdma_reg_mux [\axi_vdma_reg_mux(c_total_num_re...]
Compiling architecture implementation of entity axi_vdma_v6_3_21.axi_vdma_reg_module [\axi_vdma_reg_module(c_total_num...]
Compiling architecture implementation of entity axi_vdma_v6_3_21.axi_vdma_fsync_gen [\axi_vdma_fsync_gen(c_include_s2...]
Compiling architecture amd of entity fifo_generator_v13_2_11.builtin_extdepth_v6 [\builtin_extdepth_v6(c_family="7...]
Compiling architecture amd of entity fifo_generator_v13_2_11.builtin_top_v6 [\builtin_top_v6(c_family="7SERIE...]
Compiling architecture amd of entity fifo_generator_v13_2_11.input_blk [\input_blk(c_common_clock=0,c_di...]
Compiling architecture amd of entity fifo_generator_v13_2_11.output_blk [\output_blk(c_dout_width=37,c_pk...]
Compiling architecture amd of entity fifo_generator_v13_2_11.fifo_generator_v13_2_11_builtin [\fifo_generator_v13_2_11_builtin...]
Compiling architecture amd of entity fifo_generator_v13_2_11.fifo_generator_top [\fifo_generator_top(c_en_safety_...]
Compiling architecture amd of entity fifo_generator_v13_2_11.fifo_generator_v13_2_11_synth [\fifo_generator_v13_2_11_synth(c...]
Compiling architecture amd of entity axi_vdma_v6_3_21.axi_vdma_afifo_builtin [\axi_vdma_afifo_builtin(pl_fifo_...]
Compiling architecture implementation of entity axi_vdma_v6_3_21.axi_vdma_s2mm_linebuf [\axi_vdma_s2mm_linebuf(c_include...]
Compiling architecture fdre_v of entity unisim.FDRE [fdre_default]
Compiling architecture fdr_v of entity unisim.FDR [fdr_default]
Compiling architecture implementation of entity lib_cdc_v1_0_3.cdc_sync [\cdc_sync(c_cdc_type=0,c_flop_in...]
Compiling architecture implementation of entity lib_cdc_v1_0_3.cdc_sync [\cdc_sync(c_flop_input=1,c_mtbf_...]
Compiling architecture implementation of entity axi_vdma_v6_3_21.axi_vdma_reset [\axi_vdma_reset(c_prmry_is_aclk_...]
Compiling architecture implementation of entity axi_vdma_v6_3_21.axi_vdma_rst_module [\axi_vdma_rst_module(c_include_s...]
Compiling architecture implementation of entity lib_cdc_v1_0_3.cdc_sync [\cdc_sync(c_cdc_type=0,c_reset_s...]
Compiling architecture implementation of entity axi_vdma_v6_3_21.axi_vdma_lite_if [\axi_vdma_lite_if(c_num_ce=62)\]
Compiling architecture implementation of entity lib_cdc_v1_0_3.cdc_sync [\cdc_sync(c_reset_state=1,c_flop...]
Compiling architecture implementation of entity axi_vdma_v6_3_21.axi_vdma_reg_if [\axi_vdma_reg_if(c_enable_debug_...]
Compiling architecture implementation of entity axi_vdma_v6_3_21.axi_vdma_intrpt [\axi_vdma_intrpt(c_enable_debug_...]
Compiling architecture behavioral of entity lib_srl_fifo_v1_0_4.dynshreg_f [\dynshreg_f(c_depth=4,c_dwidth=1...]
Compiling architecture imp of entity lib_srl_fifo_v1_0_4.srl_fifo_rbu_f [\srl_fifo_rbu_f(c_dwidth=12,c_de...]
Compiling architecture imp of entity lib_srl_fifo_v1_0_4.srl_fifo_f [\srl_fifo_f(c_dwidth=12,c_depth=...]
Compiling architecture imp of entity axi_datamover_v5_1_35.axi_datamover_fifo [\axi_datamover_fifo(c_dwidth=12,...]
Compiling module xpm.xpm_fifo_rst_default
Compiling module xpm.xpm_fifo_reg_bit
Compiling module xpm.xpm_counter_updn(COUNTER_WIDTH=8...
Compiling module xpm.xpm_counter_updn(COUNTER_WIDTH=7...
Compiling module xpm.xpm_counter_updn(COUNTER_WIDTH=7...
Compiling module xpm.xpm_counter_updn(COUNTER_WIDTH=7...
Compiling module xpm.xpm_memory_base(MEMORY_TYPE=1,ME...
Compiling module xpm.xpm_counter_updn(COUNTER_WIDTH=2...
Compiling module xpm.xpm_fifo_base(FIFO_MEMORY_TYPE=2...
Compiling module xpm.xpm_fifo_sync(FIFO_MEMORY_TYPE="...
Compiling architecture implementation of entity lib_fifo_v1_0_20.sync_fifo_fg [\sync_fifo_fg(c_family="artix7",...]
Compiling architecture imp of entity axi_datamover_v5_1_35.axi_datamover_sfifo_autord [\axi_datamover_sfifo_autord(c_dw...]
Compiling architecture implementation of entity axi_datamover_v5_1_35.axi_datamover_rd_sf [\axi_datamover_rd_sf(c_sf_fifo_d...]
Compiling architecture implementation of entity axi_datamover_v5_1_35.axi_datamover_dre_mux2_1_x_n [\axi_datamover_dre_mux2_1_x_n(c_...]
Compiling architecture implementation of entity axi_datamover_v5_1_35.axi_datamover_dre_mux4_1_x_n [\axi_datamover_dre_mux4_1_x_n(c_...]
Compiling architecture implementation of entity axi_datamover_v5_1_35.axi_datamover_mm2s_dre [\axi_datamover_mm2s_dre(c_dwidth...]
Compiling architecture implementation of entity axi_datamover_v5_1_35.axi_datamover_reset [axi_datamover_reset_default]
Compiling architecture behavioral of entity lib_srl_fifo_v1_0_4.dynshreg_f [\dynshreg_f(c_depth=4,c_dwidth=8...]
Compiling architecture imp of entity lib_srl_fifo_v1_0_4.srl_fifo_rbu_f [\srl_fifo_rbu_f(c_dwidth=8,c_dep...]
Compiling architecture imp of entity lib_srl_fifo_v1_0_4.srl_fifo_f [\srl_fifo_f(c_dwidth=8,c_depth=4...]
Compiling architecture imp of entity axi_datamover_v5_1_35.axi_datamover_fifo [\axi_datamover_fifo(c_dwidth=8,c...]
Compiling architecture imp of entity lib_srl_fifo_v1_0_4.cntr_incr_decr_addn_f [\cntr_incr_decr_addn_f(c_size=3,...]
Compiling architecture behavioral of entity lib_srl_fifo_v1_0_4.dynshreg_f [\dynshreg_f(c_depth=4,c_dwidth=6...]
Compiling architecture imp of entity lib_srl_fifo_v1_0_4.srl_fifo_rbu_f [\srl_fifo_rbu_f(c_dwidth=68,c_de...]
Compiling architecture imp of entity lib_srl_fifo_v1_0_4.srl_fifo_f [\srl_fifo_f(c_dwidth=68,c_depth=...]
Compiling architecture imp of entity axi_datamover_v5_1_35.axi_datamover_fifo [\axi_datamover_fifo(c_dwidth=68,...]
Compiling architecture implementation of entity axi_datamover_v5_1_35.axi_datamover_cmd_status [\axi_datamover_cmd_status(c_fami...]
Compiling architecture implementation of entity axi_datamover_v5_1_35.axi_datamover_rd_status_cntl [axi_datamover_rd_status_cntl_def...]
Compiling architecture implementation of entity axi_datamover_v5_1_35.axi_datamover_strb_gen2 [axi_datamover_strb_gen2_default]
Compiling architecture implementation of entity axi_datamover_v5_1_35.axi_datamover_strb_gen2 [\axi_datamover_strb_gen2(c_op_mo...]
Compiling architecture implementation of entity axi_datamover_v5_1_35.axi_datamover_pcc [\axi_datamover_pcc(c_is_mm2s=1,c...]
Compiling architecture behavioral of entity lib_srl_fifo_v1_0_4.dynshreg_f [\dynshreg_f(c_depth=4,c_dwidth=5...]
Compiling architecture imp of entity lib_srl_fifo_v1_0_4.srl_fifo_rbu_f [\srl_fifo_rbu_f(c_dwidth=59,c_de...]
Compiling architecture imp of entity lib_srl_fifo_v1_0_4.srl_fifo_f [\srl_fifo_f(c_dwidth=59,c_depth=...]
Compiling architecture imp of entity axi_datamover_v5_1_35.axi_datamover_fifo [\axi_datamover_fifo(c_dwidth=59,...]
Compiling architecture implementation of entity axi_datamover_v5_1_35.axi_datamover_addr_cntl [\axi_datamover_addr_cntl(c_famil...]
Compiling architecture behavioral of entity lib_srl_fifo_v1_0_4.dynshreg_f [\dynshreg_f(c_depth=4,c_dwidth=4...]
Compiling architecture imp of entity lib_srl_fifo_v1_0_4.srl_fifo_rbu_f [\srl_fifo_rbu_f(c_dwidth=40,c_de...]
Compiling architecture imp of entity lib_srl_fifo_v1_0_4.srl_fifo_f [\srl_fifo_f(c_dwidth=40,c_depth=...]
Compiling architecture imp of entity axi_datamover_v5_1_35.axi_datamover_fifo [\axi_datamover_fifo(c_dwidth=40,...]
Compiling architecture implementation of entity axi_datamover_v5_1_35.axi_datamover_rdmux [\axi_datamover_rdmux(c_sel_addr_...]
Compiling architecture implementation of entity axi_datamover_v5_1_35.axi_datamover_rddata_cntl [\axi_datamover_rddata_cntl(c_inc...]
Compiling architecture implementation of entity axi_datamover_v5_1_35.axi_datamover_mm2s_full_wrap [\axi_datamover_mm2s_full_wrap(c_...]
Compiling architecture implementation of entity axi_datamover_v5_1_35.axi_datamover_ibttcc [\axi_datamover_ibttcc(c_sf_xfer_...]
Compiling architecture implementation of entity axi_datamover_v5_1_35.axi_datamover_s2mm_dre [\axi_datamover_s2mm_dre(c_dwidth...]
Compiling architecture implementation of entity axi_datamover_v5_1_35.axi_datamover_ms_strb_set [\axi_datamover_ms_strb_set(c_str...]
Compiling architecture implementation of entity axi_datamover_v5_1_35.axi_datamover_mssai_skid_buf [axi_datamover_mssai_skid_buf_def...]
Compiling architecture implementation of entity axi_datamover_v5_1_35.axi_datamover_strb_gen2 [\axi_datamover_strb_gen2(c_strb_...]
Compiling architecture working of entity axi_datamover_v5_1_35.axi_datamover_slice [\axi_datamover_slice(c_data_widt...]
Compiling architecture imp of entity lib_srl_fifo_v1_0_4.cntr_incr_decr_addn_f [\cntr_incr_decr_addn_f(c_size=5,...]
Compiling architecture behavioral of entity lib_srl_fifo_v1_0_4.dynshreg_f [\dynshreg_f(c_depth=16,c_dwidth=...]
Compiling architecture imp of entity lib_srl_fifo_v1_0_4.srl_fifo_rbu_f [\srl_fifo_rbu_f(c_dwidth=9,c_fam...]
Compiling architecture imp of entity lib_srl_fifo_v1_0_4.srl_fifo_f [\srl_fifo_f(c_dwidth=9,c_family=...]
Compiling architecture imp of entity axi_datamover_v5_1_35.axi_datamover_fifo [\axi_datamover_fifo(c_dwidth=9,c...]
Compiling architecture implementation of entity axi_datamover_v5_1_35.axi_datamover_s2mm_scatter [\axi_datamover_s2mm_scatter(c_en...]
Compiling architecture behavioral of entity lib_srl_fifo_v1_0_4.dynshreg_f [\dynshreg_f(c_depth=4,c_dwidth=2...]
Compiling architecture imp of entity lib_srl_fifo_v1_0_4.srl_fifo_rbu_f [\srl_fifo_rbu_f(c_dwidth=29,c_de...]
Compiling architecture imp of entity lib_srl_fifo_v1_0_4.srl_fifo_f [\srl_fifo_f(c_dwidth=29,c_depth=...]
Compiling architecture imp of entity axi_datamover_v5_1_35.axi_datamover_fifo [\axi_datamover_fifo(c_dwidth=29,...]
Compiling architecture implementation of entity axi_datamover_v5_1_35.axi_datamover_s2mm_realign [\axi_datamover_s2mm_realign(c_en...]
Compiling architecture implementation of entity axi_datamover_v5_1_35.axi_datamover_stbs_set [\axi_datamover_stbs_set(c_strobe...]
Compiling architecture implementation of entity axi_datamover_v5_1_35.axi_datamover_stbs_set [axi_datamover_stbs_set_default]
Compiling architecture implementation of entity axi_datamover_v5_1_35.axi_datamover_skid_buf [\axi_datamover_skid_buf(c_wdata_...]
Compiling module xpm.xpm_fifo_rst_default_1
Compiling module xpm.xpm_counter_updn(COUNTER_WIDTH=5...
Compiling module xpm.xpm_counter_updn(RESET_VALUE=1)
Compiling module xpm.xpm_counter_updn(RESET_VALUE=2)
Compiling module xpm.xpm_counter_updn(RESET_VALUE=3)
Compiling module xpm.xpm_memory_base(MEMORY_TYPE=1,ME...
Compiling module xpm.xpm_fifo_base(FIFO_WRITE_DEPTH=1...
Compiling module xpm.xpm_fifo_sync(FIFO_MEMORY_TYPE="...
Compiling architecture implementation of entity lib_fifo_v1_0_20.sync_fifo_fg [\sync_fifo_fg(c_family="artix7",...]
Compiling architecture imp of entity axi_datamover_v5_1_35.axi_datamover_sfifo_autord [\axi_datamover_sfifo_autord(c_dw...]
Compiling module xpm.xpm_fifo_rst_default_2
Compiling module xpm.xpm_memory_base(MEMORY_TYPE=1,ME...
Compiling module xpm.xpm_fifo_base(FIFO_MEMORY_TYPE=2...
Compiling module xpm.xpm_fifo_sync(FIFO_MEMORY_TYPE="...
Compiling architecture implementation of entity lib_fifo_v1_0_20.sync_fifo_fg [\sync_fifo_fg(c_family="artix7",...]
Compiling architecture imp of entity axi_datamover_v5_1_35.axi_datamover_sfifo_autord [\axi_datamover_sfifo_autord(c_dw...]
Compiling architecture implementation of entity axi_datamover_v5_1_35.axi_datamover_indet_btt [\axi_datamover_indet_btt(c_ibtt_...]
Compiling architecture behavioral of entity lib_srl_fifo_v1_0_4.dynshreg_f [\dynshreg_f(c_depth=4,c_dwidth=3...]
Compiling architecture imp of entity lib_srl_fifo_v1_0_4.srl_fifo_rbu_f [\srl_fifo_rbu_f(c_dwidth=32,c_de...]
Compiling architecture imp of entity lib_srl_fifo_v1_0_4.srl_fifo_f [\srl_fifo_f(c_dwidth=32,c_depth=...]
Compiling architecture imp of entity axi_datamover_v5_1_35.axi_datamover_fifo [\axi_datamover_fifo(c_family="ar...]
Compiling architecture implementation of entity axi_datamover_v5_1_35.axi_datamover_cmd_status [\axi_datamover_cmd_status(c_sts_...]
Compiling architecture behavioral of entity lib_srl_fifo_v1_0_4.dynshreg_f [\dynshreg_f(c_depth=6,c_dwidth=2...]
Compiling architecture imp of entity lib_srl_fifo_v1_0_4.srl_fifo_rbu_f [\srl_fifo_rbu_f(c_dwidth=23,c_de...]
Compiling architecture imp of entity lib_srl_fifo_v1_0_4.srl_fifo_f [\srl_fifo_f(c_dwidth=23,c_depth=...]
Compiling architecture imp of entity axi_datamover_v5_1_35.axi_datamover_fifo [\axi_datamover_fifo(c_dwidth=23,...]
Compiling architecture imp of entity lib_srl_fifo_v1_0_4.cntr_incr_decr_addn_f [\cntr_incr_decr_addn_f(c_size=4,...]
Compiling architecture behavioral of entity lib_srl_fifo_v1_0_4.dynshreg_f [\dynshreg_f(c_depth=6,c_dwidth=2...]
Compiling architecture imp of entity lib_srl_fifo_v1_0_4.srl_fifo_rbu_f [\srl_fifo_rbu_f(c_dwidth=2,c_dep...]
Compiling architecture imp of entity lib_srl_fifo_v1_0_4.srl_fifo_f [\srl_fifo_f(c_dwidth=2,c_depth=6...]
Compiling architecture imp of entity axi_datamover_v5_1_35.axi_datamover_fifo [\axi_datamover_fifo(c_dwidth=2,c...]
Compiling architecture implementation of entity axi_datamover_v5_1_35.axi_datamover_wr_status_cntl [\axi_datamover_wr_status_cntl(c_...]
Compiling architecture implementation of entity axi_datamover_v5_1_35.axi_datamover_addr_cntl [\axi_datamover_addr_cntl(c_addr_...]
Compiling architecture behavioral of entity lib_srl_fifo_v1_0_4.dynshreg_f [\dynshreg_f(c_depth=4,c_dwidth=3...]
Compiling architecture imp of entity lib_srl_fifo_v1_0_4.srl_fifo_rbu_f [\srl_fifo_rbu_f(c_dwidth=36,c_de...]
Compiling architecture imp of entity lib_srl_fifo_v1_0_4.srl_fifo_f [\srl_fifo_f(c_dwidth=36,c_depth=...]
Compiling architecture imp of entity axi_datamover_v5_1_35.axi_datamover_fifo [\axi_datamover_fifo(c_dwidth=36,...]
Compiling architecture implementation of entity axi_datamover_v5_1_35.axi_datamover_wrdata_cntl [\axi_datamover_wrdata_cntl(c_rea...]
Compiling architecture implementation of entity axi_datamover_v5_1_35.axi_datamover_wr_demux [\axi_datamover_wr_demux(c_sel_ad...]
Compiling architecture implementation of entity axi_datamover_v5_1_35.axi_datamover_skid2mm_buf [\axi_datamover_skid2mm_buf(c_mda...]
Compiling architecture implementation of entity axi_datamover_v5_1_35.axi_datamover_s2mm_full_wrap [\axi_datamover_s2mm_full_wrap(c_...]
Compiling architecture implementation of entity axi_datamover_v5_1_35.axi_datamover [\axi_datamover(c_include_mm2s=1,...]
Compiling architecture implementation of entity axi_vdma_v6_3_21.axi_vdma [\axi_vdma(c_use_s2mm_fsync=0,c_i...]
Compiling architecture axi_vdma_0_arch of entity xil_defaultlib.axi_vdma_0 [axi_vdma_0_default]
Compiling module xil_defaultlib.axi_m_interface
Compiling module xil_defaultlib.conv_module
Compiling module xil_defaultlib.top_simulation_default
Compiling module xil_defaultlib.tb
Compiling module xil_defaultlib.glbl
Built simulation snapshot tb_behav
