Time resolution is 1 ps
Block Memory Generator module tb.u_top_simulation.u_sram_32x131072.inst.axi_mem_module.blk_mem_gen_v8_4_9_inst is using a behavioral model for simulation which will not precisely model memory collision behavior.
Note: Actual FIFO Depth = 513
Time: 0 ps  Iteration: 0
Note:  DEPTH = 512 WIDTH = 72 C_RD_PRIM_WIDTH = 72 C_RD_PRIM_DEPTH = 512 DEEP = 1 WIDE = 1
Time: 0 ps  Iteration: 0
Note: Actual FIFO Depth = 513
Time: 0 ps  Iteration: 0
Note:  DEPTH = 512 WIDTH = 72 C_RD_PRIM_WIDTH = 72 C_RD_PRIM_DEPTH = 512 DEEP = 1 WIDE = 1
Time: 0 ps  Iteration: 0
Info: [XPM_MEMORY 20-1] MEMORY_PRIMITIVE (0) instructs Vivado Synthesis to choose the memory primitive type. Depending on their values, other XPM_MEMORY parameters may preclude the choice of certain memory primitive types. Review XPM_MEMORY documentation and parameter values to understand any limitations, or set MEMORY_PRIMITIVE to a different value. tb.u_top_simulation.u_axi_vdma_0.U0.I_PRMRY_DATAMOVER.gen_s2mm_full.I_S2MM_FULL_WRAPPER.gen_enable_indet_btt_sf.I_INDET_BTT.I_XD_FIFO.non_blk_mem.I_SYNC_FIFOGEN_FIFO.xpm_fifo_instance.xpm_fifo_sync_inst.xpm_fifo_base_inst.gen_sdpram.xpm_memory_base_inst.config_drc
Time: 1 ps  Iteration: 0  Process: /tb/u_top_simulation/u_axi_vdma_0/U0/I_PRMRY_DATAMOVER/gen_s2mm_full/I_S2MM_FULL_WRAPPER/gen_enable_indet_btt_sf/I_INDET_BTT/I_XD_FIFO/non_blk_mem/I_SYNC_FIFOGEN_FIFO/xpm_fifo_instance/xpm_fifo_sync_inst/xpm_fifo_base_inst/gen_sdpram.xpm_memory_base_inst/Initial302_820  Scope: tb.u_top_simulation.u_axi_vdma_0.U0.I_PRMRY_DATAMOVER.gen_s2mm_full.I_S2MM_FULL_WRAPPER.gen_enable_indet_btt_sf.I_INDET_BTT.I_XD_FIFO.non_blk_mem.I_SYNC_FIFOGEN_FIFO.xpm_fifo_instance.xpm_fifo_sync_inst.xpm_fifo_base_inst.gen_sdpram.xpm_memory_base_inst.config_drc  File: C:/Xilinx/Vivado/2024.2/data/ip/xpm/xpm_memory/hdl/xpm_memory.sv Line: 514
- Force write starts -
- Force write is done -


- VDMA control starts -

VDMA is ready to receive result from FC

VDMA transmits feature to FC
CONV starts to read feature
CONV finishes to read feature

VDMA transmits bias to FC
CONV starts to read bias
CONV finishes to read bias

VDMA transmits weight to FC
CONV starts to calculate
CONV finishes to calculate

CONV starts to send result
CONV finishes to send result

- Comparing result starts -

input file :                                                                                                         conv_output_32bits_2s.txt

import result(no write) is done. 

Index:           0
Index:           1
Index:           2
Index:           3
Index:           4
Index:           5
Index:           6
Index:           7
Index:           8
Index:           9
Index:          10
Index:          11
Index:          12
Index:          13
Index:          14
Index:          15
Index:          16
Index:          17
Index:          18
Index:          19
Index:          20
Index:          21
Index:          22
Index:          23
Index:          24
Index:          25
Index:          26
Index:          27
Index:          28
Index:          29
Index:          30
Index:          31
Index:          32
Index:          33
Index:          34
Index:          35
Index:          36
Index:          37
Index:          38
Index:          39
Index:          40
Index:          41
Index:          42
Index:          43
Index:          44
Index:          45
Index:          46
Index:          47
Index:          48
Index:          49
Index:          50
Index:          51
Index:          52
Index:          53
Index:          54
Index:          55
Index:          56
Index:          57
Index:          58
Index:          59
Index:          60
Index:          61
Index:          62
Index:          63
Index:          64
Index:          65
Index:          66
Index:          67
Index:          68
Index:          69
Index:          70
Index:          71
Index:          72
Index:          73
Index:          74
Index:          75
Index:          76
Index:          77
Index:          78
Index:          79
Index:          80
Index:          81
Index:          82
Index:          83
Index:          84
Index:          85
Index:          86
Index:          87
Index:          88
Index:          89
Index:          90
Index:          91
Index:          92
Index:          93
Index:          94
Index:          95
Index:          96
Index:          97
Index:          98
Index:          99
Index:         100
Index:         101
Index:         102
Index:         103
Index:         104
Index:         105
Index:         106
Index:         107
Index:         108
Index:         109
Index:         110
Index:         111
Index:         112
Index:         113
Index:         114
Index:         115
Index:         116
Index:         117
Index:         118
Index:         119
Index:         120
Index:         121
Index:         122
Index:         123
Index:         124
Index:         125
Index:         126
Index:         127

Result is correct!

- Comparing result is done!! -

$finish called at time : 9257500 ps : File "C:/Users/ralph/Vivado projects/Digital systems/Term_Project/src/tb/conv/tb.v" Line 334
