Copyright 1986-2022 Xilinx, Inc. All Rights Reserved. Copyright 2022-2023 Advanced Micro Devices, Inc. All Rights Reserved.
---------------------------------------------------------------------------------------------------------------------------------------------
| Tool Version : Vivado v.2023.1 (lin64) Build 3865809 Sun May  7 15:04:56 MDT 2023
| Date         : Wed Nov  8 23:28:14 2023
| Host         : aisys-fpga00 running 64-bit Ubuntu 20.04.6 LTS
| Command      : upgrade_ip
| Device       : xc7a100tcsg324-1
---------------------------------------------------------------------------------------------------------------------------------------------

Upgrade Log for IP 'axi_vdma_0'

1. Summary
----------

SUCCESS in the upgrade of axi_vdma_0 (xilinx.com:ip:axi_vdma:6.3) from (Rev. 9) to (Rev. 16)






Copyright 1986-2022 Xilinx, Inc. All Rights Reserved. Copyright 2022-2023 Advanced Micro Devices, Inc. All Rights Reserved.
---------------------------------------------------------------------------------------------------------------------------------------------
| Tool Version : Vivado v.2023.1 (lin64) Build 3865809 Sun May  7 15:04:56 MDT 2023
| Date         : Wed Nov  8 23:27:23 2023
| Host         : aisys-fpga00 running 64-bit Ubuntu 20.04.6 LTS
| Command      : upgrade_ip
| Device       : xc7a100tcsg324-1
---------------------------------------------------------------------------------------------------------------------------------------------

Upgrade Log for IP 'axi_interconnect_0'

1. Summary
----------

SUCCESS in the upgrade of axi_interconnect_0 (xilinx.com:ip:axi_interconnect:1.7) from (Rev. 18) to (Rev. 21)

