#-----------------------------------------------------------
# Vivado v2024.2 (64-bit)
# SW Build 5239630 on Fri Nov 08 22:35:27 MST 2024
# IP Build 5239520 on Sun Nov 10 16:12:51 MST 2024
# SharedData Build 5239561 on Fri Nov 08 14:39:27 MST 2024
# Start of session at: Tue Nov 18 14:52:52 2025
# Process ID         : 42888
# Current directory  : C:/Users/ralph/Vivado projects/Digital systems/Term_Project/build/layer_tb/pool_tb
# Command line       : vivado.exe -gui_launcher_event rodinguilauncherevent10748 C:\Users\ralph\Vivado projects\Digital systems\Term_Project\build\layer_tb\pool_tb\pool_tb.xpr
# Log file           : C:/Users/ralph/Vivado projects/Digital systems/Term_Project/build/layer_tb/pool_tb/vivado.log
# Journal file       : C:/Users/ralph/Vivado projects/Digital systems/Term_Project/build/layer_tb/pool_tb\vivado.jou
# Running On         : BOOK-PDMLPL2P14
# Platform           : Windows Server 2016 or Windows 10
# Operating System   : 26100
# Processor Detail   : Intel(R) Core(TM) Ultra 7 256V
# CPU Frequency      : 3302 MHz
# CPU Physical cores : 8
# CPU Logical cores  : 8
# Host memory        : 16687 MB
# Swap memory        : 11811 MB
# Total Virtual      : 28498 MB
# Available Virtual  : 10124 MB
#-----------------------------------------------------------
start_gui
open_project {C:/Users/ralph/Vivado projects/Digital systems/Term_Project/build/layer_tb/pool_tb/pool_tb.xpr}
INFO: [ProjectBase 1-489] The host OS only allows 260 characters in a normal path. The project is stored in a path with more than 80 characters. If you experience issues with IP, Block Designs, or files not being found, please consider moving the project to a location with a shorter path. Alternately consider using the OS subst command to map part of the path to a drive letter.
Current project path is 'C:/Users/ralph/Vivado projects/Digital systems/Term_Project/build/layer_tb/pool_tb'
INFO: [Common 17-41] Interrupt caught. Command should exit soon.
INFO: [Common 17-344] 'open_project' was cancelled
exit
INFO: [Common 17-206] Exiting Vivado at Tue Nov 18 14:54:58 2025...
