#-----------------------------------------------------------
# Vivado v2024.2 (64-bit)
# SW Build 5239630 on Fri Nov 08 22:35:27 MST 2024
# IP Build 5239520 on Sun Nov 10 16:12:51 MST 2024
# SharedData Build 5239561 on Fri Nov 08 14:39:27 MST 2024
# Start of session at: Mon Nov 17 12:57:23 2025
# Process ID         : 22824
# Current directory  : C:/Users/ralph/문서/대학교/3학년/2학기/디지털 시스템 설계 및 실험/Project/Term_Project_Skeleton/build/layer_tb/pool_tb
# Command line       : vivado.exe -gui_launcher_event rodinguilauncherevent32740 C:\Users\ralph\문서\대학교\3학년\2학기\디지털 시스템 설계 및 실험\Project\Term_Project_Skeleton\build\layer_tb\pool_tb\pool_tb.xpr
# Log file           : C:/Users/ralph/문서/대학교/3학년/2학기/디지털 시스템 설계 및 실험/Project/Term_Project_Skeleton/build/layer_tb/pool_tb/vivado.log
# Journal file       : C:/Users/ralph/문서/대학교/3학년/2학기/디지털 시스템 설계 및 실험/Project/Term_Project_Skeleton/build/layer_tb/pool_tb\vivado.jou
# Running On         : BOOK-PDMLPL2P14
# Platform           : Windows Server 2016 or Windows 10
# Operating System   : 26100
# Processor Detail   : Intel(R) Core(TM) Ultra 7 256V
# CPU Frequency      : 3302 MHz
# CPU Physical cores : 8
# CPU Logical cores  : 8
# Host memory        : 16687 MB
# Swap memory        : 11811 MB
# Total Virtual      : 28498 MB
# Available Virtual  : 12874 MB
#-----------------------------------------------------------
start_gui
open_project {C:/Users/ralph/문서/대학교/3학년/2학기/디지털 시스템 설계 및 실험/Project/Term_Project_Skeleton/build/layer_tb/pool_tb/pool_tb.xpr}
INFO: [ProjectBase 1-489] The host OS only allows 260 characters in a normal path. The project is stored in a path with more than 80 characters. If you experience issues with IP, Block Designs, or files not being found, please consider moving the project to a location with a shorter path. Alternately consider using the OS subst command to map part of the path to a drive letter.
Current project path is 'C:/Users/ralph/문서/대학교/3학년/2학기/디지털 시스템 설계 및 실험/Project/Term_Project_Skeleton/build/layer_tb/pool_tb'
INFO: [Project 1-313] Project file moved from '/home/hsjang0918/Desktop/2023_dsd_final_project-nexys/build/layer_tb/pool_tb' since last save.
Scanning sources...
Finished scanning sources
INFO: [IP_Flow 19-234] Refreshing IP repositories
INFO: [IP_Flow 19-1704] No user IP repositories specified
INFO: [IP_Flow 19-2313] Loaded Vivado IP repository 'C:/Xilinx/Vivado/2024.2/data/ip'.
WARNING: [IP_Flow 19-2162] IP 'axi_vdma_0' is locked:
* IP definition 'AXI Video Direct Memory Access (6.3)' for IP 'axi_vdma_0' (customized with software release 2023.1) has a different revision in the IP Catalog.
WARNING: [IP_Flow 19-2162] IP 'sram_32x131072' is locked:
* IP definition 'Block Memory Generator (8.4)' for IP 'sram_32x131072' (customized with software release 2023.1) has a different revision in the IP Catalog.
WARNING: [IP_Flow 19-2162] IP 'axi_interconnect_0' is locked:
* IP definition 'AXI Interconnect RTL (1.7)' for IP 'axi_interconnect_0' (customized with software release 2023.1) has a different revision in the IP Catalog.
INFO: [Project 1-230] Project 'pool_tb.xpr' upgraded for this version of Vivado.
update_compile_order -fileset sources_1
